commit cbdaa5940d1be297e1011ec2c6c86ce11fb554cc
Author: Faisal <aldilaff@gmail.com>
Date:   Wed Apr 5 23:34:43 2017 -0500

    Transferring API Description file from Apiary.io

commit fe8cb5e765e89319c5bb06ab9d33d39f1aa31496
Author: bpn252 <ben.nguyen@utexas.edu>
Date:   Wed Apr 5 11:11:08 2017 -0500

    Done with front end

commit 36ff452afd9e53d9c219fc39860f3c688e83074e
Author: bpn252 <ben.nguyen@utexas.edu>
Date:   Wed Apr 5 09:50:26 2017 -0500

    Added google maps

commit 93a1093cc49d5746b9118b0c14e92cbfac954a0a
Merge: c400592 f5033c0
Author: Ben Nguyen <ben.nguyen@utexas.edu>
Date:   Tue Apr 4 20:58:22 2017 -0500

    fixed confilct

commit f5033c0011d4664ea987c27207d89429c1cf0146
Merge: c399f59 6b3da64
Author: aldilaff <aldilaff@gmail.com>
Date:   Tue Apr 4 20:32:28 2017 -0500

    Merge branch 'dev-back'

commit 6b3da64091649295cb4d2d166e85caf45fe08783
Author: aldilaff <aldilaff@gmail.com>
Date:   Tue Apr 4 20:30:29 2017 -0500

    added end point to run tests through flask. added code to remove a sqlalchemy warning

commit 1a70ebf8b9a3153b05b111b604edc780fdefcc13
Author: aldilaff <aldilaff@gmail.com>
Date:   Tue Apr 4 18:48:06 2017 -0500

    added db_config and another database for travis

commit 3915e208dca6ec0e3a09dd28a4d3e5b62352f8e8
Author: aldilaff <aldilaff@gmail.com>
Date:   Tue Apr 4 18:43:44 2017 -0500

    updated config.py.travis

commit 2d5457a0672b6b7ad7f76d02d7cbea56d0f7897e
Author: aldilaff <aldilaff@gmail.com>
Date:   Tue Apr 4 18:40:01 2017 -0500

    updated db create all in unit tests"

commit 54e85cdb810b15355459210a684ce66f0a598ba5
Author: aldilaff <aldilaff@gmail.com>
Date:   Tue Apr 4 18:00:26 2017 -0500

    added config.py.travis

commit 1ab2bd1474d99423ed91849b1abc2d62fca36577
Author: aldilaff <aldilaff@gmail.com>
Date:   Tue Apr 4 17:55:04 2017 -0500

    updated travis.yml to do database stuff

commit cce684d4d2d9e35c04f6274b47b9d2ae1ecb015f
Author: aldilaff <aldilaff@gmail.com>
Date:   Tue Apr 4 17:48:09 2017 -0500

    upated travis.yml to install reqs. Changed response for collective end points

commit b7a62962b2ba75ee6ae41af102647ce3c2a7b6cb
Author: aldilaff <aldilaff@gmail.com>
Date:   Tue Apr 4 17:41:30 2017 -0500

    updated travis.yml to make tests

commit 676206daf0ce8e9d2fae27630680ee77312a3ea1
Author: aldilaff <aldilaff@gmail.com>
Date:   Tue Apr 4 17:40:12 2017 -0500

    changed python version for mac in makefile

commit 440ac7518e9e84cffb212671f40e05d46f39f22b
Author: aldilaff <aldilaff@gmail.com>
Date:   Tue Apr 4 17:39:48 2017 -0500

    updated makefile and corrected tests to work and pass

commit 3d5c137c49250f20477a94e98aa1ca8695f3ea62
Author: aldilaff <aldilaff@gmail.com>
Date:   Tue Apr 4 17:13:26 2017 -0500

    fixed some issues in makefile

commit c4005922d648e02f21b254f6631bb821d80022d4
Author: Jinwook Kim <jinwook@cs.utexas.edu>
Date:   Tue Apr 4 09:24:18 2017 -0500

    uncommented urlopen

commit d12e673f54fe5825007446c5827cc8d9a1949d4c
Author: Jinwook Kim <jinwook@cs.utexas.edu>
Date:   Tue Apr 4 09:23:21 2017 -0500

    refactored to have http.get for factory.js and restructured app.py to match the ordering of factory.js

commit ce80e8f90c89d045cb84976867286f3f5ecdfa56
Author: Ben Nguyen <ben.nguyen@utexas.edu>
Date:   Mon Apr 3 19:38:43 2017 -0500

    filled out university table and universitySpecific using API

commit e0868b02ddf8f2afffca1276d48f4a0268d2fba5
Merge: 94aa47b c399f59
Author: Jinwook Kim <jinwook@cs.utexas.edu>
Date:   Mon Apr 3 11:22:32 2017 -0500

    Merge remote-tracking branch 'origin' into dev-front

commit 94aa47b53e2730e998df85c1c465c7d3e2ef2cf9
Merge: d10fde4 ea5236b
Author: Jinwook Kim <jinwook@cs.utexas.edu>
Date:   Mon Apr 3 11:18:32 2017 -0500

    fix conflict

commit c399f593fd8b7081aa3d0ffa6e2dd6ea14191532
Merge: ea5236b f734522
Author: aldilaff <aldilaff@gmail.com>
Date:   Sun Apr 2 19:54:06 2017 -0500

    Merge branch 'dev-back'

commit f7345229e983b5f8ceab77892eca19c82e2a0789
Author: bpn252 <ben.nguyen@utexas.edu>
Date:   Sun Apr 2 19:52:14 2017 -0500

    changed script to map state abbreviations

commit cbeb4c674703d444e000b656599c8aeead03b241
Author: aldilaff <aldilaff@gmail.com>
Date:   Sun Apr 2 19:50:52 2017 -0500

    added getting single degree

commit 9efdea95ef59609ec67c82fba4b03079bffe6736
Author: ayenabil <ahmedalnabil@utexas.edu>
Date:   Sun Apr 2 19:42:37 2017 -0500

    Added state relationships

commit a05b1e28a513b243c6f8db9c1b5f7762d99562a1
Author: aldilaff <aldilaff@gmail.com>
Date:   Sun Apr 2 19:10:58 2017 -0500

    changed degreeUniversity.id to degreeUniversity.degree_id

commit 4950c52cc4b00cdb7ab15c31be7db43b962225e0
Author: aldilaff <aldilaff@gmail.com>
Date:   Sun Apr 2 18:31:46 2017 -0500

    added code to get single university

commit bda43fcd9014ddbb3072a54a2b20dbcaf85e082f
Author: aldilaff <aldilaff@gmail.com>
Date:   Sun Apr 2 17:54:46 2017 -0500

    updated routes to have api in them

commit 583a026027143ff2937743b801fa453159b65b21
Author: aldilaff <aldilaff@gmail.com>
Date:   Sun Apr 2 17:39:43 2017 -0500

    removed idea folder

commit 344610d33209ef347cf01862d28e44bb333d67fe
Merge: 100d5d9 ed2af27
Author: aldilaff <aldilaff@gmail.com>
Date:   Sun Apr 2 17:38:05 2017 -0500

    Merge branch 'dev-back' of https://github.com/JinwookKim/cs373-idb into dev-back

commit 100d5d9417c12ad60c487a7908127995c3cd8431
Author: aldilaff <aldilaff@gmail.com>
Date:   Sun Apr 2 17:37:55 2017 -0500

    changed app.config to config in import list

commit ed2af27b1e9717e1963f133ceacf8f9299d0799f
Author: bpn252 <ben.nguyen@utexas.edu>
Date:   Sun Apr 2 17:28:05 2017 -0500

    finished import script

commit de6571cf8eb4e8bfe24094193844ea5d7377844e
Author: aldilaff <aldilaff@gmail.com>
Date:   Sun Apr 2 17:05:02 2017 -0500

    changed db in config to be db_config

commit 5abee0583162d9ef81ee35ad9438b89761c21862
Author: aldilaff <aldilaff@gmail.com>
Date:   Sun Apr 2 17:04:19 2017 -0500

    updated git ignore

commit addd19ac3d8764649be687785b8d086019a24181
Author: aldilaff <aldilaff@gmail.com>
Date:   Sun Apr 2 16:58:47 2017 -0500

    updated some references to db config that I missed

commit 876fc965b41b99f1225ed83e4cd6d93751beb683
Author: aldilaff <aldilaff@gmail.com>
Date:   Sun Apr 2 16:58:13 2017 -0500

    updated gitignore

commit fd7533093cedbda810592853384290760c3e4c57
Author: aldilaff <aldilaff@gmail.com>
Date:   Sun Apr 2 16:54:38 2017 -0500

    updated references to db config

commit beec5654a7ae819ddc59043b1851ba04d22766d1
Merge: dbabfcc 897d318
Author: aldilaff <aldilaff@gmail.com>
Date:   Sun Apr 2 16:52:56 2017 -0500

    Merge branch 'dev-back' of https://github.com/JinwookKim/cs373-idb into dev-back

commit dbabfcc21b7a6bb0bf2f6a59fb5cfb70836ecc9f
Author: aldilaff <aldilaff@gmail.com>
Date:   Sun Apr 2 16:52:43 2017 -0500

    updated .gitignore

commit 897d318b1654683183669dc28140294869ec3723
Author: Sean Wang <seanyusa@gmail.com>
Date:   Sun Apr 2 16:25:57 2017 -0500

    format

commit d808b8de8c5f9df9f18c891bb283f0503fe691d8
Author: Sean Wang <seanyusa@gmail.com>
Date:   Sun Apr 2 16:22:38 2017 -0500

    Updated script to create first things, then proceed to adding all the universities

commit 981662b6e1fb4888c93e8852553971927e5b9890
Author: Sean Wang <seanyusa@gmail.com>
Date:   Sun Apr 2 16:00:51 2017 -0500

    Modified import script to go through the pages

commit d10fde45825571c7f014274b240062090326bba0
Author: Ben Nguyen <ben.nguyen@utexas.edu>
Date:   Sat Apr 1 16:19:33 2017 -0500

    using smart table's sorting

commit 9fd23aa271ef05195440b8ce60a0b4d35507f8ab
Author: Ben Nguyen <ben.nguyen@utexas.edu>
Date:   Sat Apr 1 16:19:07 2017 -0500

    using smart table's sorting

commit 09d34ddab6a7c29f9caac0790208f2169887001f
Author: Ben Nguyen <ben.nguyen@utexas.edu>
Date:   Sat Apr 1 15:46:24 2017 -0500

    reverted back to old sorting

commit e585dc26d1c257c472944205cfdae8a23c285394
Author: ayenabil <ahmedalnabil@utexas.edu>
Date:   Fri Mar 31 15:39:29 2017 -0500

    Reverted tuition to cost

commit d917139b9d6aaaec123bbe0f4a5a8bacd4b24a95
Author: Sean Wang <seanyusa@gmail.com>
Date:   Fri Mar 31 10:54:19 2017 -0500

    Finalized all collected data

commit c6390a24aa87df1b2640ea3cdd1481397a43f45a
Merge: e181983 55370ca
Author: Sean Wang <seanyusa@gmail.com>
Date:   Wed Mar 29 15:32:55 2017 -0500

    Merge models

commit e181983538d33f7b704ac6b5f22eddf884c58b00
Author: Sean Wang <seanyusa@gmail.com>
Date:   Wed Mar 29 15:27:32 2017 -0500

    Added degree counts

commit cb3562a0bfa9349c593eaab851062b26dd6259fe
Author: Sean Wang <seanyusa@gmail.com>
Date:   Wed Mar 29 15:15:29 2017 -0500

    Added degrees endpoint

commit c1d96610ab3b0e40d558164b33b45eef69c45e34
Author: Sean Wang <seanyusa@gmail.com>
Date:   Wed Mar 29 14:46:56 2017 -0500

    Added degree and degreesuniversities working import data

commit b1171edf12ba27fdbd8d6b105fbf3da98d84f910
Author: Sean Wang <seanyusa@gmail.com>
Date:   Wed Mar 29 14:28:35 2017 -0500

    Added script to import rest data

commit e610277a4796b6355450cd436b090446759a024e
Author: Sean Wang <seanyusa@gmail.com>
Date:   Wed Mar 29 14:28:20 2017 -0500

    Modified app and model to use database

commit 72321df3c99c0505bfdadcb3fb0038ae652dc0dd
Author: Ben Nguyen <bpn252@cs.utexas.edu>
Date:   Wed Mar 29 12:36:30 2017 -0500

    fixed hard coding of issues

commit 6ebc6ed9ef063a1ca05d0fde46427355c11fc08d
Author: Ben Nguyen <bpn252@cs.utexas.edu>
Date:   Wed Mar 29 12:34:35 2017 -0500

    hard-coded issues

commit c0dd8c12da798eceaa6e6ce05d58f029730ca7d4
Author: Ben Nguyen <bpn252@cs.utexas.edu>
Date:   Wed Mar 29 12:00:36 2017 -0500

    fixed state map images

commit baae27e367a45ec1174af5198f1e8ae82d5aede4
Author: Jinwook Kim <jinwook@cs.utexas.edu>
Date:   Wed Mar 29 11:21:57 2017 -0500

    finished the pagination for the state page

commit b077cca1db5c296e8ca6716b4621402b1d886c7f
Author: Jinwook Kim <jinwook@cs.utexas.edu>
Date:   Wed Mar 29 11:16:46 2017 -0500

    finished pagination on degree page

commit a5feb5db89cd6e47404896648ea385693e15132a
Author: Jinwook Kim <jinwook@cs.utexas.edu>
Date:   Wed Mar 29 11:04:12 2017 -0500

    fixed a bug in our link to unversities in the first column because the id's had to be sorted before the establishment of the table

commit 499e160f1762c9ec8953f789ea2b7e00e29dfedb
Author: Jinwook Kim <jinwook@cs.utexas.edu>
Date:   Wed Mar 29 10:38:18 2017 -0500

    template of pagination done on Universities page

commit 16f73dcb5e3d6d4aab0ff3f1575524c612872825
Author: Ben Nguyen <ben.nguyen@utexas.edu>
Date:   Tue Mar 28 20:22:40 2017 -0500

    fixed google maps api bug

commit 61e843841d3097544ff1021f953a0bf1e9de00c3
Author: Ben Nguyen <ben.nguyen@utexas.edu>
Date:   Tue Mar 28 19:33:50 2017 -0500

    changed bg and added google maps

commit ea5236b7c9e0fe3edbf8ce324de6cc100bbe974d
Author: Jinwook Kim <jinwook@cs.utexas.edu>
Date:   Thu Mar 23 10:40:13 2017 -0500

    last push, updated IDB1.log

commit 6a1f38c14db7bc18c536061c01723aa42a69d00e
Author: Ben Nguyen <bpn252@cs.utexas.edu>
Date:   Thu Mar 23 10:37:36 2017 -0500

    front end refactoring

commit edcd646bb225d68772e2bcf0155d6cfc77ad11a3
Merge: 9847b10 d6f0556
Author: Faisal Aldilaijan <faisald@utexas.edu>
Date:   Thu Mar 23 10:22:18 2017 -0500

    fixed conflict in merge

commit d6f0556c5fdbd8a189903cd0a24db579dc81c6eb
Merge: 408293b 55370ca
Author: Ahmed Al Nabil <nabilthenabil@gmail.com>
Date:   Thu Mar 23 10:21:06 2017 -0500

    Merge branch 'dev-back'

commit 9847b10c3afa53068a533b1fcb671403a8c3518a
Author: Faisal Aldilaijan <faisald@utexas.edu>
Date:   Thu Mar 23 10:19:31 2017 -0500

    updated database engine string

commit 408293b89c948578959d18eb20f291696a806346
Author: Ben P. Nguyen <ben.nguyen@utexas.edu>
Date:   Wed Mar 22 21:16:18 2017 -0500

    Update README.md

commit 52452cf06553c028cbafaf2913a0f7f9438fc2de
Author: Ben Nguyen <ben.nguyen@utexas.edu>
Date:   Wed Mar 22 21:15:36 2017 -0500

    deleted unnecessary stuff and updated README

commit 55370cae4edfdc246ba94786427bca468a397c4a
Author: Ahmed Al Nabil <nabilthenabil@gmail.com>
Date:   Wed Mar 22 17:31:07 2017 -0500

    Changed def test to def setUP in tests.py for database intialization

commit a9e0d2ddc6202c994e3a64328dd45c949977ff81
Author: Ben Nguyen <ben.nguyen@utexas.edu>
Date:   Wed Mar 22 16:37:22 2017 -0500

    fixed makefile and added .idea to gitignore

commit 54373d2c877a0d3afa30212f237f868b3318649b
Merge: 9e11cdb 1198881
Author: Ben Nguyen <ben.nguyen@utexas.edu>
Date:   Wed Mar 22 16:31:20 2017 -0500

    Merge remote-tracking branch 'origin/dev-back'

commit 9e11cdbdbbd52da48185370324f7cfbf4ad6d223
Merge: 0a671f3 7aaf571
Author: Ben Nguyen <ben.nguyen@utexas.edu>
Date:   Wed Mar 22 16:29:34 2017 -0500

    Merge remote-tracking branch 'origin/dev-front'

commit 1198881fcbb9052fbb04ac292b3312fe98363761
Author: Ahmed Al Nabil <nabilthenabil@gmail.com>
Date:   Wed Mar 22 14:45:56 2017 -0500

    Fixed tab errors in makefile

commit 0a671f3435d5f10e1861a0d7d07d8583e14501d7
Author: seanyusa <seanyusa@gmail.com>
Date:   Wed Mar 22 14:35:15 2017 -0500

    Transferring API Description file from Apiary.io

commit 5d2b58e272ba6f01ac793df1368435beb795f2e7
Author: Ahmed Al Nabil <nabilthenabil@gmail.com>
Date:   Wed Mar 22 14:34:11 2017 -0500

    Debugged tests.py

commit 7aaf571b64b8b94214a6f5053c2d628ecb8f64a4
Author: Jinwook Kim <jininja7@gmail.com>
Date:   Wed Mar 22 14:23:47 2017 -0500

    updated jin's desc to format about page better

commit af491a606c495cadc310d951fe36babf5ae7500a
Author: Jinwook Kim <jininja7@gmail.com>
Date:   Wed Mar 22 14:20:34 2017 -0500

    added Jin's desc

commit 5f94f4375f3f3c2a9a5f49a88973103f3cbb7ba7
Author: Ahmed Al Nabil <nabilthenabil@gmail.com>
Date:   Wed Mar 22 14:02:29 2017 -0500

    Fixed test case

commit 02d47a40e5a4bf6d22a9cba7e66685030426e1f7
Author: Ben Nguyen <ben.nguyen@utexas.edu>
Date:   Wed Mar 22 13:57:22 2017 -0500

    Added all descriptions but jin

commit 84f6846a2a24a235fb8843406d615cd7e4bd1fa1
Author: Ahmed Al Nabil <nabilthenabil@gmail.com>
Date:   Wed Mar 22 13:19:52 2017 -0500

    Fixed indentation error on travis file

commit cc06da34e355d3f5dd7bcd3fe8a2c17b6c875afe
Author: Ben Nguyen <ben.nguyen@utexas.edu>
Date:   Wed Mar 22 13:18:34 2017 -0500

    Added font files

commit c5cab9e583e5ab68341a6bac3a74b4ce2498ccc6
Author: Ahmed Al Nabil <nabilthenabil@gmail.com>
Date:   Wed Mar 22 13:16:13 2017 -0500

    Modified travis file

commit b34a79d268a4523b65e49dcd18e6e4b35aa76df0
Author: Ben Nguyen <ben.nguyen@utexas.edu>
Date:   Wed Mar 22 13:14:59 2017 -0500

    Refactoring and formmating

commit 6622dc3b1f3df0b7a6b0649c99a454d2b782600d
Author: Faisal Aldilaijan <faisald@utexas.edu>
Date:   Wed Mar 22 13:09:20 2017 -0500

    updated test.py to tests.py in makefile

commit 9a714058331b4a80388741b2490f09715e25a9c4
Author: Ahmed Al Nabil <nabilthenabil@gmail.com>
Date:   Wed Mar 22 13:08:25 2017 -0500

    Renamed test.py to tests.py

commit da4795961c9fb8bdfb3c3ec46a53a3bd827b8218
Author: Ahmed Al Nabil <nabilthenabil@gmail.com>
Date:   Wed Mar 22 13:06:48 2017 -0500

    Added .travis.yml file for backend

commit 73c13753e7b84b9329e67c17bf83beea5a3eda56
Author: Faisal Aldilaijan <faisald@utexas.edu>
Date:   Wed Mar 22 13:01:02 2017 -0500

    created makefile

commit d31d8e7db9c479e93ed0ca9c6e39716181ef46fc
Author: Ahmed Al Nabil <nabilthenabil@gmail.com>
Date:   Wed Mar 22 12:56:20 2017 -0500

    Renamed model.py to models.py and moved models.html from app to idb directory

commit 16607fe28abfa58778b9a100b4cce4a9cf358ad1
Author: Faisal Aldilaijan <faisald@utexas.edu>
Date:   Wed Mar 22 12:48:30 2017 -0500

    added two more unit tests

commit 69354df0a3d13d8fedf7588890efd06b5e7cc0fc
Author: Ahmed Al Nabil <nabilthenabil@gmail.com>
Date:   Wed Mar 22 12:46:43 2017 -0500

    Ran pydoc on model.py to create model.html file

commit 56fab579052e8d299a67bab533a896284ead0acd
Author: Faisal Aldilaijan <faisald@utexas.edu>
Date:   Wed Mar 22 12:43:39 2017 -0500

    updated comments location in model.py

commit 0cf34b0438d44584eac3cefd84ab6d62d71143c7
Author: Faisal Aldilaijan <faisald@utexas.edu>
Date:   Wed Mar 22 12:40:47 2017 -0500

    removed extra comments from model.py

commit 069af8a090efa281145e13718e9218205d8e7f32
Author: Jinwook Kim <jinwook@cs.utexas.edu>
Date:   Wed Mar 22 11:01:10 2017 -0500

    prettified about page

commit 27e729cf85651e723dddd575a2d9575ed05da1f7
Author: Jinwook Kim <jinwook@cs.utexas.edu>
Date:   Wed Mar 22 10:21:55 2017 -0500

    added new content to about page and testing travis

commit 9329da02633fe50980406f0b836751661a98632e
Author: Sean Wang <seanyusa@gmail.com>
Date:   Wed Mar 22 08:14:08 2017 -0500

    Updated UML

commit 330c5e90814fcf98b2f6623d22313d85f92a0d58
Author: Jinwook Kim <jininja7@gmail.com>
Date:   Mon Mar 20 23:06:40 2017 -0500

    filled in most of the about page

commit ae4205d142c0919f61a0532acc1f2d2eb5d1251d
Author: Ben P. Nguyen <ben.nguyen@utexas.edu>
Date:   Mon Mar 20 21:25:41 2017 -0500

    http to https

commit d3fa9e976954055daca428ff32e517bb8ecaded6
Author: Ahmed Al Nabil <nabilthenabil@gmail.com>
Date:   Mon Mar 20 18:40:52 2017 -0500

    Added comments explaining the code of the Degree and DegreeUniversities model

commit 1b6a7304d730fa99ff2e014aa5afe9356a789e0f
Author: Ahmed Al Nabil <nabilthenabil@gmail.com>
Date:   Mon Mar 20 18:34:38 2017 -0500

    Added comments explaining the code in the State model

commit 1bc8d08c3e85fae3eac6c7ee9f08591c9fd3f2be
Author: Ben Nguyen <bpn252@cs.utexas.edu>
Date:   Mon Mar 20 18:33:14 2017 -0500

    Finished state and degree specifics

commit b15c38967070132485d73623f6c5e50a971aafe9
Author: Ahmed Al Nabil <nabilthenabil@gmail.com>
Date:   Mon Mar 20 18:27:30 2017 -0500

    Added comments explaning the code of the University model

commit 4a2261749f8a728bf8ecfe775b4cf86dc44b5096
Author: Faisal <aldilaff@gmail.com>
Date:   Mon Mar 20 18:06:12 2017 -0500

    Transferring API Description file from Apiary.io

commit c2aaa2ef78c4132edf72b00c0bdfc2dc9f499ab8
Author: Ben Nguyen <bpn252@cs.utexas.edu>
Date:   Mon Mar 20 17:49:50 2017 -0500

    Finished university specific page

commit 6d699ea8bfb5b96166d20726639efc74eee2982b
Merge: 35ad993 d42bb91
Author: Ben Nguyen <bpn252@cs.utexas.edu>
Date:   Mon Mar 20 17:12:30 2017 -0500

    Merging master with front

commit 35ad993bc4f3951f9bee4a8f8a72c01914961640
Merge: 16f2a33 ec7ed46
Author: Faisal Aldilaijan <faisald@utexas.edu>
Date:   Mon Mar 20 17:08:17 2017 -0500

    Merge branch 'dev-back'

commit 16f2a33a1a8e77edcba7fa158882142f82d11ea4
Author: Jinwook Kim <jinwook.kim@utexas.edu>
Date:   Mon Mar 20 17:04:00 2017 -0500

    Apiary

commit d42bb91a4e21d5d97fa15264d4f8243e4aacf090
Author: Jinwook Kim <jininja7@gmail.com>
Date:   Mon Mar 20 16:58:45 2017 -0500

    logos are working

commit ec7ed462a6f80ad75438c502b623b697c311da7e
Author: Faisal Aldilaijan <faisald@utexas.edu>
Date:   Mon Mar 20 16:58:31 2017 -0500

    Added degreesuniversities test

commit 8f4315d0d8c5477ead4581b69267b6313669c501
Author: Faisal Aldilaijan <faisald@utexas.edu>
Date:   Mon Mar 20 16:50:55 2017 -0500

    Renamed relationship ends

commit aa18470fde37a40753e4cd238a9b2668b6b827c6
Author: Faisal Aldilaijan <faisald@utexas.edu>
Date:   Mon Mar 20 16:47:08 2017 -0500

    Added degree tests and changed degree datatypes

commit f4192b86267b707af5b619b01870df0e9198633c
Author: Jinwook Kim <jininja7@gmail.com>
Date:   Mon Mar 20 16:39:48 2017 -0500

    factory added and connected with controller

commit 8ae8bd7c1a5e964f2b320ec111ae95d6f0d7fb6c
Author: Faisal Aldilaijan <faisald@utexas.edu>
Date:   Mon Mar 20 16:03:18 2017 -0500

    Rename degreesrelationship to DegreesUniversities

commit 088c58f54dfceda2cc5b399d7ddf6d1ee7c19f1c
Author: Faisal Aldilaijan <faisald@utexas.edu>
Date:   Mon Mar 20 16:00:18 2017 -0500

    Renamed degrees to degree

commit eac49b9dd6a70bbc72be3ba5e63157be25aa0cfe
Author: Faisal Aldilaijan <faisald@utexas.edu>
Date:   Mon Mar 20 15:54:33 2017 -0500

    Added 3 state tests

commit da4d488e85c3ac52f7057f2c30e9a2ac55dde4c2
Author: Faisal Aldilaijan <faisald@utexas.edu>
Date:   Mon Mar 20 15:47:58 2017 -0500

    Added 3 university tests

commit 128c8483739bbf30ebe0a23537246549601a87e6
Merge: 16e8e9c 55a4cc7
Author: Faisal Aldilaijan <faisald@utexas.edu>
Date:   Mon Mar 20 15:23:35 2017 -0500

    Merge branch 'dev-back' of https://github.com/JinwookKim/cs373-idb into dev-back

commit 16e8e9cb09f82b07756f2aff80a5e5a86b4ae5a5
Author: Faisal Aldilaijan <faisald@utexas.edu>
Date:   Mon Mar 20 15:23:09 2017 -0500

    Added state to university relationship

commit a26e2cb5f623a02abeb2069ac37b9a357208f34c
Author: Jinwook Kim <jininja7@gmail.com>
Date:   Mon Mar 20 15:22:48 2017 -0500

    fetch isn't working

commit 55a4cc7a874cc9adfe4e2e2aabbabff0417a26e3
Author: Sean Wang <seanyusa@gmail.com>
Date:   Mon Mar 20 15:13:44 2017 -0500

    UML Diagram

commit 5ec52f73202c7903109af2fbadb88fa39fa20388
Author: Faisal Aldilaijan <faisald@utexas.edu>
Date:   Mon Mar 20 14:52:37 2017 -0500

    changed model class names to lower case and updated degrees realtionship

commit ea62797181fb533b4ed0ba36fb10f80d467d7be8
Author: Faisal Aldilaijan <faisald@utexas.edu>
Date:   Mon Mar 20 14:45:19 2017 -0500

    changed completion_rate to academic_cost

commit 9c4b12317788bee04e3bc2f5166299d604b9ab24
Author: Faisal Aldilaijan <faisald@utexas.edu>
Date:   Mon Mar 20 14:41:34 2017 -0500

    overwrote repr for Univesrity

commit cbaebea9f31686a1426035970431bc7711d1cb0e
Author: Faisal Aldilaijan <faisald@utexas.edu>
Date:   Mon Mar 20 14:39:48 2017 -0500

    overwrote repr for State

commit cacffd03fe4171b54607f0c5c6a739d4959772f8
Author: Faisal Aldilaijan <faisald@utexas.edu>
Date:   Mon Mar 20 14:37:02 2017 -0500

    overwrote repr for Degrees

commit 75d0e7d657fe7a75d3259d92176f0c91c840b46e
Author: Faisal Aldilaijan <faisald@utexas.edu>
Date:   Mon Mar 20 14:33:17 2017 -0500

    added model for DegreesInfo to show information between degrees and universities

commit 4d3475486921aaa4218ba79c78f991ab97f2e54b
Author: Ben Nguyen <bpn252@cs.utexas.edu>
Date:   Mon Mar 20 14:24:29 2017 -0500

    filled out degree table with static data

commit 9e9fb0be859bb22aaec44800c041de207798caee
Author: Ahmed Al Nabil <nabilthenabil@gmail.com>
Date:   Mon Mar 20 13:10:13 2017 -0500

    Added possible test cases to be filled out later

commit 16992d8e481592e5afdea75e20a0a0572c6584f9
Author: Ahmed Al Nabil <nabilthenabil@gmail.com>
Date:   Mon Mar 20 12:54:45 2017 -0500

    Corrected column types in models.py

commit 01462e402d11809819a497383f66be1e9c4eae31
Author: Ben Nguyen <bpn252@cs.utexas.edu>
Date:   Mon Mar 20 12:35:47 2017 -0500

    fixed merging

commit 697a2e602b086b2fc6cda1c852fd5ed57491245b
Merge: 9be0760 87a0504
Author: Ben Nguyen <bpn252@cs.utexas.edu>
Date:   Mon Mar 20 12:32:09 2017 -0500

    fixing merge

commit 87a0504806f0dcd5b68c45db46199c1e49e1fd95
Author: Ben Nguyen <bpn252@cs.utexas.edu>
Date:   Mon Mar 20 12:28:25 2017 -0500

    filled out states table with static data

commit 9be0760b1a2962473a2dc37103c2be6074a3c6a9
Author: Jinwook Kim <jininja7@gmail.com>
Date:   Mon Mar 20 11:53:42 2017 -0500

    started on state table

commit 816f0aee24a31a00c098750dca5bbbf7afa12721
Author: Ben Nguyen <bpn252@cs.utexas.edu>
Date:   Mon Mar 20 11:25:57 2017 -0500

    filled university table with static data

commit 77442f8e6a7d2e00ad89e68d0081fcadd49aba41
Author: Ben P. Nguyen <ben.nguyen@utexas.edu>
Date:   Sun Mar 19 21:34:07 2017 -0500

    Update README.md

commit 90b3f77ecee11fa0214680496b74ef733a8cf99a
Author: Jinwook Kim <jininja7@gmail.com>
Date:   Sun Mar 19 20:46:00 2017 -0500

    changes typos

commit dcd05268d89d38148413f67c68ab5d9d178eed40
Author: Ben Nguyen <ben.nguyen@utexas.edu>
Date:   Sat Mar 11 22:02:26 2017 -0600

    Added routing navigation

commit d6fb4e1a8f0e710364cc346ddae68aca2e2fc0d8
Merge: f003af0 f203d05
Author: Ben Nguyen <bpn252@cs.utexas.edu>
Date:   Sat Mar 11 17:05:37 2017 -0600

    iMerge branch 'dev-back' into dev-front

commit f003af09d4468f1bc9a7bd64d1e4eed21581cd27
Author: Ben Nguyen <bpn252@cs.utexas.edu>
Date:   Sat Mar 11 16:49:11 2017 -0600

    Created other partial html files

commit f203d0529ce6511b4399d8623e550c91b005d76a
Author: Ahmed Al Nabil <nabilthenabil@gmail.com>
Date:   Sat Mar 11 16:41:44 2017 -0600

    Added base models for later use

commit 5962c2379f8251af1f69542f57ed2c89e2b7fb3b
Author: Ahmed Al Nabil <nabilthenabil@gmail.com>
Date:   Sat Mar 11 16:33:00 2017 -0600

    Added code to app.py to run index.html

commit 02609cd44c2c83a0523372bc619f4940f6fcbd0b
Author: Ahmed Al Nabil <nabilthenabil@gmail.com>
Date:   Sat Mar 11 16:28:23 2017 -0600

    Created Base BackEnd Python Files

commit 783cc858c0eb59dd1b77e6c97c6725210512781f
Author: Ben Nguyen <bpn252@cs.utexas.edu>
Date:   Fri Mar 10 17:49:09 2017 -0600

    started on index and about page

commit bc61f7fa528d700f7c62026691d82411660961a1
Author: Ben Nguyen <bpn252@cs.utexas.edu>
Date:   Fri Mar 10 17:15:31 2017 -0600

    set up initial files/folders

commit b263a643c2b19c95d5da7b6adbf7a74e28a35a4f
Author: Jinwook Kim <jininja7@gmail.com>
Date:   Wed Mar 8 17:29:52 2017 -0600

    Initial commit
